  [1m[35m (7.9ms)[0m  [1m[35mCREATE TABLE "schema_migrations" ("version" varchar NOT NULL PRIMARY KEY)[0m
  [1m[35m (1.3ms)[0m  [1m[35mCREATE TABLE "ar_internal_metadata" ("key" varchar NOT NULL PRIMARY KEY, "value" varchar, "created_at" datetime(6) NOT NULL, "updated_at" datetime(6) NOT NULL)[0m
  [1m[36mActiveRecord::InternalMetadata Load (0.1ms)[0m  [1m[34mSELECT "ar_internal_metadata".* FROM "ar_internal_metadata" WHERE "ar_internal_metadata"."key" = ? LIMIT ?[0m  [["key", "environment"], ["LIMIT", 1]]
  [1m[36mTRANSACTION (0.0ms)[0m  [1m[36mbegin transaction[0m
  [1m[36mActiveRecord::InternalMetadata Create (0.1ms)[0m  [1m[32mINSERT INTO "ar_internal_metadata" ("key", "value", "created_at", "updated_at") VALUES (?, ?, ?, ?)[0m  [["key", "environment"], ["value", "development"], ["created_at", "2023-03-03 07:32:50.850095"], ["updated_at", "2023-03-03 07:32:50.850095"]]
  [1m[36mTRANSACTION (0.9ms)[0m  [1m[36mcommit transaction[0m
  [1m[36mActiveRecord::SchemaMigration Pluck (0.0ms)[0m  [1m[34mSELECT "schema_migrations"."version" FROM "schema_migrations" ORDER BY "schema_migrations"."version" ASC[0m
Started GET "/" for ::1 at 2023-03-03 13:03:34 +0530
  [1m[36mActiveRecord::SchemaMigration Pluck (0.1ms)[0m  [1m[34mSELECT "schema_migrations"."version" FROM "schema_migrations" ORDER BY "schema_migrations"."version" ASC[0m
Processing by Rails::WelcomeController#index as HTML
  Rendering /usr/share/rvm/gems/ruby-3.2.0/gems/railties-7.0.4.2/lib/rails/templates/rails/welcome/index.html.erb
  Rendered /usr/share/rvm/gems/ruby-3.2.0/gems/railties-7.0.4.2/lib/rails/templates/rails/welcome/index.html.erb (Duration: 1.0ms | Allocations: 604)
Completed 200 OK in 6ms (Views: 2.9ms | ActiveRecord: 0.0ms | Allocations: 5026)


Started GET "/" for ::1 at 2023-03-07 17:31:24 +0530
  [1m[36mActiveRecord::SchemaMigration Pluck (0.3ms)[0m  [1m[34mSELECT "schema_migrations"."version" FROM "schema_migrations" ORDER BY "schema_migrations"."version" ASC[0m
  [1m[36mCACHE ActiveRecord::SchemaMigration Pluck (0.0ms)[0m  [1m[34mSELECT "schema_migrations"."version" FROM "schema_migrations" ORDER BY "schema_migrations"."version" ASC[0m
  
ActiveRecord::PendingMigrationError (

Migrations are pending. To resolve this issue, run:

        bin/rails db:migrate RAILS_ENV=development

You have 5 pending migrations:

20230303121304_create_posts.rb
20230304132619_add_slug_to_posts.rb
20230304132902_post.rb
20230304140743_create_friendly_id_slugs.rb
20230307055919_add_is_published_to_post.rb


):
  
activerecord (7.0.4.2) lib/active_record/migration.rb:627:in `check_pending!'
activerecord (7.0.4.2) lib/active_record/migration.rb:592:in `block (2 levels) in call'
activesupport (7.0.4.2) lib/active_support/file_update_checker.rb:83:in `execute'
activerecord (7.0.4.2) lib/active_record/migration.rb:597:in `block in call'
activerecord (7.0.4.2) lib/active_record/migration.rb:589:in `synchronize'
activerecord (7.0.4.2) lib/active_record/migration.rb:589:in `call'
actionpack (7.0.4.2) lib/action_dispatch/middleware/callbacks.rb:27:in `block in call'
activesupport (7.0.4.2) lib/active_support/callbacks.rb:99:in `run_callbacks'
actionpack (7.0.4.2) lib/action_dispatch/middleware/callbacks.rb:26:in `call'
actionpack (7.0.4.2) lib/action_dispatch/middleware/executor.rb:14:in `call'
actionpack (7.0.4.2) lib/action_dispatch/middleware/actionable_exceptions.rb:17:in `call'
actionpack (7.0.4.2) lib/action_dispatch/middleware/debug_exceptions.rb:28:in `call'
web-console (4.2.0) lib/web_console/middleware.rb:132:in `call_app'
web-console (4.2.0) lib/web_console/middleware.rb:28:in `block in call'
web-console (4.2.0) lib/web_console/middleware.rb:17:in `catch'
web-console (4.2.0) lib/web_console/middleware.rb:17:in `call'
actionpack (7.0.4.2) lib/action_dispatch/middleware/show_exceptions.rb:26:in `call'
railties (7.0.4.2) lib/rails/rack/logger.rb:40:in `call_app'
railties (7.0.4.2) lib/rails/rack/logger.rb:25:in `block in call'
activesupport (7.0.4.2) lib/active_support/tagged_logging.rb:99:in `block in tagged'
activesupport (7.0.4.2) lib/active_support/tagged_logging.rb:37:in `tagged'
activesupport (7.0.4.2) lib/active_support/tagged_logging.rb:99:in `tagged'
railties (7.0.4.2) lib/rails/rack/logger.rb:25:in `call'
sprockets-rails (3.4.2) lib/sprockets/rails/quiet_assets.rb:13:in `call'
actionpack (7.0.4.2) lib/action_dispatch/middleware/remote_ip.rb:93:in `call'
actionpack (7.0.4.2) lib/action_dispatch/middleware/request_id.rb:26:in `call'
rack (2.2.6.3) lib/rack/method_override.rb:24:in `call'
rack (2.2.6.3) lib/rack/runtime.rb:22:in `call'
activesupport (7.0.4.2) lib/active_support/cache/strategy/local_cache_middleware.rb:29:in `call'
actionpack (7.0.4.2) lib/action_dispatch/middleware/server_timing.rb:61:in `block in call'
actionpack (7.0.4.2) lib/action_dispatch/middleware/server_timing.rb:26:in `collect_events'
actionpack (7.0.4.2) lib/action_dispatch/middleware/server_timing.rb:60:in `call'
actionpack (7.0.4.2) lib/action_dispatch/middleware/executor.rb:14:in `call'
actionpack (7.0.4.2) lib/action_dispatch/middleware/static.rb:23:in `call'
rack (2.2.6.3) lib/rack/sendfile.rb:110:in `call'
actionpack (7.0.4.2) lib/action_dispatch/middleware/host_authorization.rb:137:in `call'
railties (7.0.4.2) lib/rails/engine.rb:530:in `call'
puma (5.6.5) lib/puma/configuration.rb:252:in `call'
puma (5.6.5) lib/puma/request.rb:77:in `block in handle_request'
puma (5.6.5) lib/puma/thread_pool.rb:340:in `with_force_shutdown'
puma (5.6.5) lib/puma/request.rb:76:in `handle_request'
puma (5.6.5) lib/puma/server.rb:443:in `process_client'
puma (5.6.5) lib/puma/thread_pool.rb:147:in `block in spawn_thread'
  [1m[36mActiveRecord::SchemaMigration Pluck (0.1ms)[0m  [1m[34mSELECT "schema_migrations"."version" FROM "schema_migrations" ORDER BY "schema_migrations"."version" ASC[0m
Migrating to CreatePosts (20230303121304)
  [1m[36mTRANSACTION (0.1ms)[0m  [1m[36mbegin transaction[0m
  [1m[35m (0.4ms)[0m  [1m[35mCREATE TABLE "posts" ("id" integer PRIMARY KEY AUTOINCREMENT NOT NULL, "title" varchar, "content" text, "created_at" datetime(6) NOT NULL, "updated_at" datetime(6) NOT NULL)[0m
  [1m[36mActiveRecord::SchemaMigration Create (0.2ms)[0m  [1m[32mINSERT INTO "schema_migrations" ("version") VALUES (?)[0m  [["version", "20230303121304"]]
  [1m[36mTRANSACTION (2.3ms)[0m  [1m[36mcommit transaction[0m
Migrating to AddSlugToPosts (20230304132619)
  [1m[36mTRANSACTION (0.1ms)[0m  [1m[36mbegin transaction[0m
  [1m[35m (0.8ms)[0m  [1m[35mALTER TABLE "posts" ADD "slug" varchar[0m
  [1m[35m (0.1ms)[0m  [1m[35mCREATE UNIQUE INDEX "index_posts_on_slug" ON "posts" ("slug")[0m
  [1m[36mActiveRecord::SchemaMigration Create (0.1ms)[0m  [1m[32mINSERT INTO "schema_migrations" ("version") VALUES (?)[0m  [["version", "20230304132619"]]
  [1m[36mTRANSACTION (1.9ms)[0m  [1m[36mcommit transaction[0m
Migrating to Post (20230304132902)
  [1m[36mTRANSACTION (0.1ms)[0m  [1m[36mbegin transaction[0m
  [1m[36mActiveRecord::SchemaMigration Create (0.4ms)[0m  [1m[32mINSERT INTO "schema_migrations" ("version") VALUES (?)[0m  [["version", "20230304132902"]]
  [1m[36mTRANSACTION (2.0ms)[0m  [1m[36mcommit transaction[0m
Migrating to CreateFriendlyIdSlugs (20230304140743)
  [1m[36mTRANSACTION (0.1ms)[0m  [1m[36mbegin transaction[0m
  [1m[35m (0.4ms)[0m  [1m[35mCREATE TABLE "friendly_id_slugs" ("id" integer PRIMARY KEY AUTOINCREMENT NOT NULL, "slug" varchar NOT NULL, "sluggable_id" integer NOT NULL, "sluggable_type" varchar(50), "scope" varchar, "created_at" datetime(6))[0m
  [1m[35m (0.1ms)[0m  [1m[35mCREATE INDEX "index_friendly_id_slugs_on_sluggable_type_and_sluggable_id" ON "friendly_id_slugs" ("sluggable_type", "sluggable_id")[0m
  [1m[35m (0.1ms)[0m  [1m[35mCREATE INDEX "index_friendly_id_slugs_on_slug_and_sluggable_type" ON "friendly_id_slugs" ("slug", "sluggable_type")[0m
  [1m[35m (0.1ms)[0m  [1m[35mCREATE UNIQUE INDEX "index_friendly_id_slugs_on_slug_and_sluggable_type_and_scope" ON "friendly_id_slugs" ("slug", "sluggable_type", "scope")[0m
  [1m[36mActiveRecord::SchemaMigration Create (0.2ms)[0m  [1m[32mINSERT INTO "schema_migrations" ("version") VALUES (?)[0m  [["version", "20230304140743"]]
  [1m[36mTRANSACTION (2.9ms)[0m  [1m[36mcommit transaction[0m
Migrating to AddIsPublishedToPost (20230307055919)
  [1m[36mTRANSACTION (0.1ms)[0m  [1m[36mbegin transaction[0m
  [1m[35m (0.6ms)[0m  [1m[35mALTER TABLE "posts" ADD "is_published" boolean DEFAULT 0[0m
  [1m[36mActiveRecord::SchemaMigration Create (0.1ms)[0m  [1m[32mINSERT INTO "schema_migrations" ("version") VALUES (?)[0m  [["version", "20230307055919"]]
  [1m[36mTRANSACTION (1.4ms)[0m  [1m[36mcommit transaction[0m
  [1m[36mActiveRecord::InternalMetadata Load (0.2ms)[0m  [1m[34mSELECT "ar_internal_metadata".* FROM "ar_internal_metadata" WHERE "ar_internal_metadata"."key" = ? LIMIT ?[0m  [["key", "environment"], ["LIMIT", 1]]
  [1m[36mActiveRecord::SchemaMigration Pluck (0.1ms)[0m  [1m[34mSELECT "schema_migrations"."version" FROM "schema_migrations" ORDER BY "schema_migrations"."version" ASC[0m
Started GET "/" for ::1 at 2023-03-07 17:32:45 +0530
  [1m[36mActiveRecord::SchemaMigration Pluck (0.4ms)[0m  [1m[34mSELECT "schema_migrations"."version" FROM "schema_migrations" ORDER BY "schema_migrations"."version" ASC[0m
Processing by PostsController#index as HTML
  Rendering layout layouts/application.html.erb
  Rendering posts/index.html.erb within layouts/application
  [1m[36mPost Load (0.4ms)[0m  [1m[34mSELECT "posts".* FROM "posts"[0m
  ↳ app/views/posts/index.html.erb:4
  Rendered posts/index.html.erb within layouts/application (Duration: 4.8ms | Allocations: 1195)
  Rendered layout layouts/application.html.erb (Duration: 628.9ms | Allocations: 91589)
Completed 200 OK in 662ms (Views: 633.7ms | ActiveRecord: 0.4ms | Allocations: 97443)


Started GET "/posts/new" for ::1 at 2023-03-07 17:33:58 +0530
Processing by PostsController#new as HTML
  Rendering layout layouts/application.html.erb
  Rendering posts/new.html.erb within layouts/application
  Rendered posts/_form.html.erb (Duration: 19.5ms | Allocations: 4719)
  Rendered posts/new.html.erb within layouts/application (Duration: 20.6ms | Allocations: 4973)
  Rendered layout layouts/application.html.erb (Duration: 25.0ms | Allocations: 7079)
Completed 200 OK in 46ms (Views: 25.8ms | ActiveRecord: 1.0ms | Allocations: 17673)


Started POST "/posts" for ::1 at 2023-03-07 17:34:20 +0530
Processing by PostsController#create as TURBO_STREAM
  Parameters: {"authenticity_token"=>"[FILTERED]", "post"=>{"title"=>"saurabh", "content"=>"superhero of webonise lab"}, "commit"=>"Create Post"}
  [1m[36mTRANSACTION (0.1ms)[0m  [1m[36mbegin transaction[0m
  ↳ app/controllers/posts_controller.rb:17:in `create'
  [1m[36mPost Exists? (0.2ms)[0m  [1m[34mSELECT 1 AS one FROM "posts" WHERE "posts"."id" IS NOT NULL AND "posts"."slug" = ? LIMIT ?[0m  [["slug", "saurabh"], ["LIMIT", 1]]
  ↳ app/controllers/posts_controller.rb:17:in `create'
  [1m[36mCACHE Post Exists? (0.0ms)[0m  [1m[34mSELECT 1 AS one FROM "posts" WHERE "posts"."id" IS NOT NULL AND "posts"."slug" = ? LIMIT ?[0m  [["slug", "saurabh"], ["LIMIT", 1]]
  ↳ app/controllers/posts_controller.rb:17:in `create'
  [1m[36mPost Create (0.6ms)[0m  [1m[32mINSERT INTO "posts" ("title", "content", "created_at", "updated_at", "slug", "is_published") VALUES (?, ?, ?, ?, ?, ?)[0m  [["title", "saurabh"], ["content", "superhero of webonise lab"], ["created_at", "2023-03-07 12:04:20.584702"], ["updated_at", "2023-03-07 12:04:20.584702"], ["slug", "saurabh"], ["is_published", 0]]
  ↳ app/controllers/posts_controller.rb:17:in `create'
  [1m[36mTRANSACTION (2.5ms)[0m  [1m[36mcommit transaction[0m
  ↳ app/controllers/posts_controller.rb:17:in `create'
Redirected to http://localhost:3000/posts/saurabh
Completed 302 Found in 66ms (ActiveRecord: 3.5ms | Allocations: 60210)


Started GET "/posts/saurabh" for ::1 at 2023-03-07 17:34:20 +0530
Processing by PostsController#show as TURBO_STREAM
  Parameters: {"id"=>"saurabh"}
  [1m[36mPost Load (0.2ms)[0m  [1m[34mSELECT "posts".* FROM "posts" WHERE "posts"."slug" = ? LIMIT ?[0m  [["slug", "saurabh"], ["LIMIT", 1]]
  ↳ app/controllers/posts_controller.rb:44:in `set_post'
  Rendering layout layouts/application.html.erb
  Rendering posts/show.html.erb within layouts/application
  Rendered posts/show.html.erb within layouts/application (Duration: 1.0ms | Allocations: 289)
  Rendered layout layouts/application.html.erb (Duration: 4.4ms | Allocations: 2545)
Completed 200 OK in 8ms (Views: 5.1ms | ActiveRecord: 0.2ms | Allocations: 3705)


Started GET "/posts/saurabh/edit" for ::1 at 2023-03-07 17:34:30 +0530
Processing by PostsController#edit as HTML
  Parameters: {"id"=>"saurabh"}
  [1m[36mPost Load (0.2ms)[0m  [1m[34mSELECT "posts".* FROM "posts" WHERE "posts"."slug" = ? LIMIT ?[0m  [["slug", "saurabh"], ["LIMIT", 1]]
  ↳ app/controllers/posts_controller.rb:44:in `set_post'
  Rendering layout layouts/application.html.erb
  Rendering posts/edit.html.erb within layouts/application
  Rendered posts/_form.html.erb (Duration: 3.6ms | Allocations: 1085)
  Rendered posts/edit.html.erb within layouts/application (Duration: 4.4ms | Allocations: 1252)
  Rendered layout layouts/application.html.erb (Duration: 8.8ms | Allocations: 3350)
Completed 200 OK in 13ms (Views: 9.6ms | ActiveRecord: 0.2ms | Allocations: 4378)


Started PATCH "/posts/saurabh" for ::1 at 2023-03-07 17:34:50 +0530
Processing by PostsController#update as TURBO_STREAM
  Parameters: {"authenticity_token"=>"[FILTERED]", "post"=>{"title"=>"saurabh", "content"=>"superhero of webonise lab and mastermid ."}, "commit"=>"Update Post", "id"=>"saurabh"}
  [1m[36mPost Load (0.2ms)[0m  [1m[34mSELECT "posts".* FROM "posts" WHERE "posts"."slug" = ? LIMIT ?[0m  [["slug", "saurabh"], ["LIMIT", 1]]
  ↳ app/controllers/posts_controller.rb:44:in `set_post'
  [1m[36mTRANSACTION (0.1ms)[0m  [1m[36mbegin transaction[0m
  ↳ app/controllers/posts_controller.rb:28:in `update'
  [1m[36mPost Update (0.6ms)[0m  [1m[33mUPDATE "posts" SET "content" = ?, "updated_at" = ? WHERE "posts"."id" = ?[0m  [["content", "superhero of webonise lab and mastermid ."], ["updated_at", "2023-03-07 12:04:50.100246"], ["id", 1]]
  ↳ app/controllers/posts_controller.rb:28:in `update'
  [1m[36mTRANSACTION (3.7ms)[0m  [1m[36mcommit transaction[0m
  ↳ app/controllers/posts_controller.rb:28:in `update'
Redirected to http://localhost:3000/posts/saurabh
Completed 302 Found in 23ms (ActiveRecord: 4.5ms | Allocations: 3163)


Started GET "/posts/saurabh" for ::1 at 2023-03-07 17:34:50 +0530
Processing by PostsController#show as TURBO_STREAM
  Parameters: {"id"=>"saurabh"}
  [1m[36mPost Load (0.3ms)[0m  [1m[34mSELECT "posts".* FROM "posts" WHERE "posts"."slug" = ? LIMIT ?[0m  [["slug", "saurabh"], ["LIMIT", 1]]
  ↳ app/controllers/posts_controller.rb:44:in `set_post'
  Rendering layout layouts/application.html.erb
  Rendering posts/show.html.erb within layouts/application
  Rendered posts/show.html.erb within layouts/application (Duration: 0.6ms | Allocations: 111)
  Rendered layout layouts/application.html.erb (Duration: 7.2ms | Allocations: 2383)
Completed 200 OK in 13ms (Views: 8.0ms | ActiveRecord: 0.3ms | Allocations: 3349)


Started GET "/posts" for ::1 at 2023-03-07 17:34:55 +0530
Processing by PostsController#index as HTML
  Rendering layout layouts/application.html.erb
  Rendering posts/index.html.erb within layouts/application
  [1m[36mPost Load (0.2ms)[0m  [1m[34mSELECT "posts".* FROM "posts"[0m
  ↳ app/views/posts/index.html.erb:4
  Rendered posts/index.html.erb within layouts/application (Duration: 2.1ms | Allocations: 644)
  Rendered layout layouts/application.html.erb (Duration: 7.9ms | Allocations: 2907)
Completed 200 OK in 9ms (Views: 8.5ms | ActiveRecord: 0.2ms | Allocations: 3176)


Started GET "/posts/saurabh" for ::1 at 2023-03-07 17:35:02 +0530
Processing by PostsController#show as HTML
  Parameters: {"id"=>"saurabh"}
  [1m[36mPost Load (0.2ms)[0m  [1m[34mSELECT "posts".* FROM "posts" WHERE "posts"."slug" = ? LIMIT ?[0m  [["slug", "saurabh"], ["LIMIT", 1]]
  ↳ app/controllers/posts_controller.rb:44:in `set_post'
  Rendering layout layouts/application.html.erb
  Rendering posts/show.html.erb within layouts/application
  Rendered posts/show.html.erb within layouts/application (Duration: 0.4ms | Allocations: 111)
  Rendered layout layouts/application.html.erb (Duration: 5.1ms | Allocations: 2351)
Completed 200 OK in 9ms (Views: 5.8ms | ActiveRecord: 0.2ms | Allocations: 3313)


Started GET "/posts" for ::1 at 2023-03-07 17:40:25 +0530
Processing by PostsController#index as HTML
  Rendering layout layouts/application.html.erb
  Rendering posts/index.html.erb within layouts/application
  [1m[36mPost Load (0.1ms)[0m  [1m[34mSELECT "posts".* FROM "posts"[0m
  ↳ app/views/posts/index.html.erb:4
  Rendered posts/index.html.erb within layouts/application (Duration: 7.1ms | Allocations: 4297)
  Rendered layout layouts/application.html.erb (Duration: 7.4ms | Allocations: 4385)
Completed 500 Internal Server Error in 12ms (ActiveRecord: 0.9ms | Allocations: 6357)


  
ActionView::Template::Error (wrong number of arguments (given 0, expected 1)):
    4:   <% @post.each do |i| %>
    5:     <li>
    6:     <%= link_to i.title, i %>
    7:     <%= published_text %>
    8:     </li>
    9:   <% end %>
   10: </ul>
  
app/helpers/posts_helper.rb:3:in `published_text'
app/views/posts/index.html.erb:7
app/views/posts/index.html.erb:4
Started GET "/posts" for ::1 at 2023-03-07 17:40:58 +0530
Processing by PostsController#index as HTML
  Rendering layout layouts/application.html.erb
  Rendering posts/index.html.erb within layouts/application
  [1m[36mPost Load (0.2ms)[0m  [1m[34mSELECT "posts".* FROM "posts"[0m
  ↳ app/views/posts/index.html.erb:4
  Rendered posts/index.html.erb within layouts/application (Duration: 3.0ms | Allocations: 854)
  Rendered layout layouts/application.html.erb (Duration: 20.0ms | Allocations: 14166)
Completed 200 OK in 25ms (Views: 23.0ms | ActiveRecord: 0.2ms | Allocations: 14912)


Started GET "/posts" for ::1 at 2023-03-07 17:51:14 +0530
Processing by PostsController#index as HTML
  Rendering layout layouts/application.html.erb
  Rendering posts/index.html.erb within layouts/application
  [1m[36mPost Load (0.2ms)[0m  [1m[34mSELECT "posts".* FROM "posts"[0m
  ↳ app/views/posts/index.html.erb:4
  Rendered posts/index.html.erb within layouts/application (Duration: 4.9ms | Allocations: 1001)
  Rendered layout layouts/application.html.erb (Duration: 12.5ms | Allocations: 3524)
Completed 200 OK in 16ms (Views: 15.0ms | ActiveRecord: 1.0ms | Allocations: 4259)


Started GET "/posts" for ::1 at 2023-03-07 18:01:45 +0530
Processing by PostsController#index as HTML
  Rendering layout layouts/application.html.erb
  Rendering posts/index.html.erb within layouts/application
  [1m[36mPost Load (0.2ms)[0m  [1m[34mSELECT "posts".* FROM "posts"[0m
  ↳ app/views/posts/index.html.erb:4
  Rendered posts/index.html.erb within layouts/application (Duration: 5.6ms | Allocations: 1963)
  Rendered layout layouts/application.html.erb (Duration: 6.0ms | Allocations: 2051)
Completed 500 Internal Server Error in 9ms (ActiveRecord: 0.8ms | Allocations: 2765)


  
ActionView::Template::Error (undefined local variable or method `index_post_path' for #<ActionView::Base:0x0000000000f870>):
     5:     <li>
     6:     <%= link_to i.title, i %>
     7:     # <button ><%= published_text(i.is_published) %></button>
     8:     <%= button_to published_text(i.is_published), index_post_path%>
     9:     </li>
    10:   <% end %>
    11: </ul>
  
app/views/posts/index.html.erb:8
app/views/posts/index.html.erb:4
Started GET "/posts" for ::1 at 2023-03-07 18:02:09 +0530
Processing by PostsController#index as HTML
  Rendering layout layouts/application.html.erb
  Rendering posts/index.html.erb within layouts/application
  [1m[36mPost Load (0.3ms)[0m  [1m[34mSELECT "posts".* FROM "posts"[0m
  ↳ app/views/posts/index.html.erb:4
  Rendered posts/index.html.erb within layouts/application (Duration: 6.4ms | Allocations: 1679)
  Rendered layout layouts/application.html.erb (Duration: 13.0ms | Allocations: 4055)
Completed 200 OK in 19ms (Views: 16.4ms | ActiveRecord: 0.3ms | Allocations: 4790)


Started GET "/posts" for ::1 at 2023-03-07 18:02:34 +0530
Processing by PostsController#index as HTML
  Rendering layout layouts/application.html.erb
  Rendering posts/index.html.erb within layouts/application
  [1m[36mPost Load (0.4ms)[0m  [1m[34mSELECT "posts".* FROM "posts"[0m
  ↳ app/views/posts/index.html.erb:4
  Rendered posts/index.html.erb within layouts/application (Duration: 7.7ms | Allocations: 1226)
  Rendered layout layouts/application.html.erb (Duration: 15.3ms | Allocations: 3586)
Completed 200 OK in 20ms (Views: 18.2ms | ActiveRecord: 0.4ms | Allocations: 4321)


Started GET "/posts" for ::1 at 2023-03-07 18:02:50 +0530
Processing by PostsController#index as HTML
  Rendering layout layouts/application.html.erb
  Rendering posts/index.html.erb within layouts/application
  [1m[36mPost Load (0.2ms)[0m  [1m[34mSELECT "posts".* FROM "posts"[0m
  ↳ app/views/posts/index.html.erb:4
  Rendered posts/index.html.erb within layouts/application (Duration: 5.7ms | Allocations: 1226)
  Rendered layout layouts/application.html.erb (Duration: 12.8ms | Allocations: 3586)
Completed 200 OK in 17ms (Views: 15.5ms | ActiveRecord: 0.2ms | Allocations: 4321)


Started GET "/posts" for ::1 at 2023-03-07 18:02:52 +0530
Processing by PostsController#index as HTML
  Rendering layout layouts/application.html.erb
  Rendering posts/index.html.erb within layouts/application
  [1m[36mPost Load (0.2ms)[0m  [1m[34mSELECT "posts".* FROM "posts"[0m
  ↳ app/views/posts/index.html.erb:4
  Rendered posts/index.html.erb within layouts/application (Duration: 4.3ms | Allocations: 1000)
  Rendered layout layouts/application.html.erb (Duration: 10.2ms | Allocations: 3105)
Completed 200 OK in 12ms (Views: 11.1ms | ActiveRecord: 0.2ms | Allocations: 3374)


Started POST "/" for ::1 at 2023-03-07 18:07:47 +0530
  
ActionController::RoutingError (No route matches [POST] "/"):
  
Started GET "/posts" for ::1 at 2023-03-07 18:07:47 +0530
Processing by PostsController#index as HTML
  Rendering layout layouts/application.html.erb
  Rendering posts/index.html.erb within layouts/application
  [1m[36mPost Load (0.2ms)[0m  [1m[34mSELECT "posts".* FROM "posts"[0m
  ↳ app/views/posts/index.html.erb:4
  Rendered posts/index.html.erb within layouts/application (Duration: 17.4ms | Allocations: 3868)
  Rendered layout layouts/application.html.erb (Duration: 47.7ms | Allocations: 17039)
Completed 200 OK in 58ms (Views: 51.0ms | ActiveRecord: 2.2ms | Allocations: 18980)


Started POST "/" for ::1 at 2023-03-07 18:07:48 +0530
  
ActionController::RoutingError (No route matches [POST] "/"):
  
Started GET "/posts" for ::1 at 2023-03-07 18:07:49 +0530
Processing by PostsController#index as HTML
  Rendering layout layouts/application.html.erb
  Rendering posts/index.html.erb within layouts/application
  [1m[36mPost Load (0.2ms)[0m  [1m[34mSELECT "posts".* FROM "posts"[0m
  ↳ app/views/posts/index.html.erb:4
  Rendered posts/index.html.erb within layouts/application (Duration: 4.0ms | Allocations: 1000)
  Rendered layout layouts/application.html.erb (Duration: 8.8ms | Allocations: 3121)
Completed 200 OK in 11ms (Views: 9.5ms | ActiveRecord: 0.2ms | Allocations: 3391)


Started POST "/" for ::1 at 2023-03-07 18:07:50 +0530
  
ActionController::RoutingError (No route matches [POST] "/"):
  
Started GET "/posts" for ::1 at 2023-03-07 18:07:50 +0530
Processing by PostsController#index as HTML
  Rendering layout layouts/application.html.erb
  Rendering posts/index.html.erb within layouts/application
  [1m[36mPost Load (0.2ms)[0m  [1m[34mSELECT "posts".* FROM "posts"[0m
  ↳ app/views/posts/index.html.erb:4
  Rendered posts/index.html.erb within layouts/application (Duration: 3.0ms | Allocations: 994)
  Rendered layout layouts/application.html.erb (Duration: 9.0ms | Allocations: 3118)
Completed 200 OK in 10ms (Views: 9.6ms | ActiveRecord: 0.2ms | Allocations: 3386)


Started GET "/posts" for ::1 at 2023-03-07 18:25:44 +0530
Processing by PostsController#index as HTML
  Rendering layout layouts/application.html.erb
  Rendering posts/index.html.erb within layouts/application
  [1m[36mPost Load (0.1ms)[0m  [1m[34mSELECT "posts".* FROM "posts"[0m
  ↳ app/views/posts/index.html.erb:4
  Rendered posts/index.html.erb within layouts/application (Duration: 5.6ms | Allocations: 3530)
  Rendered layout layouts/application.html.erb (Duration: 5.8ms | Allocations: 3618)
Completed 500 Internal Server Error in 11ms (ActiveRecord: 0.5ms | Allocations: 5575)


  
ActionView::Template::Error (undefined method `post_status_published_path' for #<ActionView::Base:0x00000000018600>):
    4:   <% @post.each do |i| %>
    5:     <li>
    6:     <%= link_to i.title, i %>
    7:     <%= button_to published_text(i.is_published), post_status_published_path(i)%>
    8:     
    9:     </li>
   10:   <% end %>
  
app/views/posts/index.html.erb:7
app/views/posts/index.html.erb:4
Started GET "/posts" for ::1 at 2023-03-07 18:27:04 +0530
Processing by PostsController#index as HTML
  Rendering layout layouts/application.html.erb
  Rendering posts/index.html.erb within layouts/application
  [1m[36mPost Load (0.2ms)[0m  [1m[34mSELECT "posts".* FROM "posts"[0m
  ↳ app/views/posts/index.html.erb:4
  Rendered posts/index.html.erb within layouts/application (Duration: 4.2ms | Allocations: 1790)
  Rendered layout layouts/application.html.erb (Duration: 4.5ms | Allocations: 1878)
Completed 500 Internal Server Error in 8ms (ActiveRecord: 0.2ms | Allocations: 2590)


  
ActionView::Template::Error (undefined method `status_published_post_path' for #<ActionView::Base:0x00000000018948>):
    4:   <% @post.each do |i| %>
    5:     <li>
    6:     <%= link_to i.title, i %>
    7:     <%= button_to published_text(i.is_published), status_published_post_path(i)%>
    8:     
    9:     </li>
   10:   <% end %>
  
app/views/posts/index.html.erb:7
app/views/posts/index.html.erb:4
Started GET "/posts/saurabh" for ::1 at 2023-03-07 18:27:14 +0530
Processing by PostsController#show as HTML
  Parameters: {"id"=>"saurabh"}
  [1m[36mPost Load (0.4ms)[0m  [1m[34mSELECT "posts".* FROM "posts" WHERE "posts"."slug" = ? LIMIT ?[0m  [["slug", "saurabh"], ["LIMIT", 1]]
  ↳ app/controllers/posts_controller.rb:51:in `set_post'
  Rendering layout layouts/application.html.erb
  Rendering posts/show.html.erb within layouts/application
  Rendered posts/show.html.erb within layouts/application (Duration: 2.1ms | Allocations: 271)
  Rendered layout layouts/application.html.erb (Duration: 40.9ms | Allocations: 13598)
Completed 200 OK in 49ms (Views: 42.6ms | ActiveRecord: 0.4ms | Allocations: 14719)


Started GET "/posts/saurabh" for ::1 at 2023-03-07 18:27:17 +0530
Processing by PostsController#show as HTML
  Parameters: {"id"=>"saurabh"}
  [1m[36mPost Load (0.2ms)[0m  [1m[34mSELECT "posts".* FROM "posts" WHERE "posts"."slug" = ? LIMIT ?[0m  [["slug", "saurabh"], ["LIMIT", 1]]
  ↳ app/controllers/posts_controller.rb:51:in `set_post'
  Rendering layout layouts/application.html.erb
  Rendering posts/show.html.erb within layouts/application
  Rendered posts/show.html.erb within layouts/application (Duration: 0.5ms | Allocations: 111)
  Rendered layout layouts/application.html.erb (Duration: 5.9ms | Allocations: 2348)
Completed 200 OK in 10ms (Views: 6.6ms | ActiveRecord: 0.2ms | Allocations: 3309)


Started GET "/posts" for ::1 at 2023-03-07 18:27:22 +0530
Processing by PostsController#index as HTML
  Rendering layout layouts/application.html.erb
  Rendering posts/index.html.erb within layouts/application
  [1m[36mPost Load (0.2ms)[0m  [1m[34mSELECT "posts".* FROM "posts"[0m
  ↳ app/views/posts/index.html.erb:4
  Rendered posts/index.html.erb within layouts/application (Duration: 3.0ms | Allocations: 1569)
  Rendered layout layouts/application.html.erb (Duration: 3.3ms | Allocations: 1656)
Completed 500 Internal Server Error in 4ms (ActiveRecord: 0.2ms | Allocations: 1901)


  
ActionView::Template::Error (undefined method `status_published_post_path' for #<ActionView::Base:0x00000000018cb8>):
    4:   <% @post.each do |i| %>
    5:     <li>
    6:     <%= link_to i.title, i %>
    7:     <%= button_to published_text(i.is_published), status_published_post_path(i)%>
    8:     
    9:     </li>
   10:   <% end %>
  
app/views/posts/index.html.erb:7
app/views/posts/index.html.erb:4
Started GET "/posts" for ::1 at 2023-03-07 18:27:23 +0530
Processing by PostsController#index as HTML
  Rendering layout layouts/application.html.erb
  Rendering posts/index.html.erb within layouts/application
  [1m[36mPost Load (0.2ms)[0m  [1m[34mSELECT "posts".* FROM "posts"[0m
  ↳ app/views/posts/index.html.erb:4
  Rendered posts/index.html.erb within layouts/application (Duration: 3.1ms | Allocations: 1567)
  Rendered layout layouts/application.html.erb (Duration: 3.3ms | Allocations: 1654)
Completed 500 Internal Server Error in 5ms (ActiveRecord: 0.2ms | Allocations: 1899)


  
ActionView::Template::Error (undefined method `status_published_post_path' for #<ActionView::Base:0x00000000018f88>):
    4:   <% @post.each do |i| %>
    5:     <li>
    6:     <%= link_to i.title, i %>
    7:     <%= button_to published_text(i.is_published), status_published_post_path(i)%>
    8:     
    9:     </li>
   10:   <% end %>
  
app/views/posts/index.html.erb:7
app/views/posts/index.html.erb:4
Started GET "/" for ::1 at 2023-03-07 18:27:29 +0530
Processing by PostsController#index as HTML
  Rendering layout layouts/application.html.erb
  Rendering posts/index.html.erb within layouts/application
  [1m[36mPost Load (0.1ms)[0m  [1m[34mSELECT "posts".* FROM "posts"[0m
  ↳ app/views/posts/index.html.erb:4
  Rendered posts/index.html.erb within layouts/application (Duration: 2.2ms | Allocations: 1569)
  Rendered layout layouts/application.html.erb (Duration: 2.3ms | Allocations: 1656)
Completed 500 Internal Server Error in 3ms (ActiveRecord: 0.1ms | Allocations: 1901)


  
ActionView::Template::Error (undefined method `status_published_post_path' for #<ActionView::Base:0x00000000019258>):
    4:   <% @post.each do |i| %>
    5:     <li>
    6:     <%= link_to i.title, i %>
    7:     <%= button_to published_text(i.is_published), status_published_post_path(i)%>
    8:     
    9:     </li>
   10:   <% end %>
  
app/views/posts/index.html.erb:7
app/views/posts/index.html.erb:4
Started GET "/" for ::1 at 2023-03-07 18:28:22 +0530
Processing by PostsController#index as HTML
  Rendering layout layouts/application.html.erb
  Rendering posts/index.html.erb within layouts/application
  [1m[36mPost Load (0.1ms)[0m  [1m[34mSELECT "posts".* FROM "posts"[0m
  ↳ app/views/posts/index.html.erb:4
  Rendered posts/index.html.erb within layouts/application (Duration: 3.4ms | Allocations: 1198)
  Rendered layout layouts/application.html.erb (Duration: 8.7ms | Allocations: 3574)
Completed 200 OK in 11ms (Views: 10.3ms | ActiveRecord: 0.1ms | Allocations: 4308)


Started POST "/status_published.saurabh" for ::1 at 2023-03-07 18:28:27 +0530
  
ActionController::RoutingError (No route matches [POST] "/status_published.saurabh"):
  
Started POST "/status_published.saurabh" for ::1 at 2023-03-07 18:29:48 +0530
  
ActionController::RoutingError (No route matches [POST] "/status_published.saurabh"):
  
Started GET "/" for ::1 at 2023-03-07 18:29:54 +0530
Processing by PostsController#index as HTML
  Rendering layout layouts/application.html.erb
  Rendering posts/index.html.erb within layouts/application
  [1m[36mPost Load (0.1ms)[0m  [1m[34mSELECT "posts".* FROM "posts"[0m
  ↳ app/views/posts/index.html.erb:4
  Rendered posts/index.html.erb within layouts/application (Duration: 8.3ms | Allocations: 3248)
  Rendered layout layouts/application.html.erb (Duration: 31.0ms | Allocations: 16200)
Completed 200 OK in 36ms (Views: 32.8ms | ActiveRecord: 1.0ms | Allocations: 17877)


Started POST "/status_published.saurabh" for ::1 at 2023-03-07 18:29:56 +0530
  
ActionController::RoutingError (No route matches [POST] "/status_published.saurabh"):
  
Started GET "/" for ::1 at 2023-03-07 18:34:17 +0530
Processing by PostsController#index as HTML
  Rendering layout layouts/application.html.erb
  Rendering posts/index.html.erb within layouts/application
  [1m[36mPost Load (0.2ms)[0m  [1m[34mSELECT "posts".* FROM "posts"[0m
  ↳ app/views/posts/index.html.erb:4
  Rendered posts/index.html.erb within layouts/application (Duration: 3.9ms | Allocations: 1788)
  Rendered layout layouts/application.html.erb (Duration: 4.2ms | Allocations: 1876)
Completed 500 Internal Server Error in 7ms (ActiveRecord: 0.2ms | Allocations: 2595)


  
ActionView::Template::Error (undefined local variable or method `status_published' for #<ActionView::Base:0x0000000001de70>):
    4:   <% @post.each do |i| %>
    5:     <li>
    6:     <%= link_to i.title, i %>
    7:     <%= button_to published_text(i.is_published), status_published%>
    8:     
    9:     </li>
   10:   <% end %>
  
app/views/posts/index.html.erb:7
app/views/posts/index.html.erb:4
Started GET "/posts" for ::1 at 2023-03-07 18:34:32 +0530
Processing by PostsController#index as HTML
  Rendering layout layouts/application.html.erb
  Rendering posts/index.html.erb within layouts/application
  [1m[36mPost Load (0.2ms)[0m  [1m[34mSELECT "posts".* FROM "posts"[0m
  ↳ app/views/posts/index.html.erb:4
  Rendered posts/index.html.erb within layouts/application (Duration: 4.3ms | Allocations: 1198)
  Rendered layout layouts/application.html.erb (Duration: 10.5ms | Allocations: 3591)
Completed 200 OK in 16ms (Views: 14.5ms | ActiveRecord: 0.2ms | Allocations: 4327)


Started POST "/status_published.saurabh" for ::1 at 2023-03-07 18:34:35 +0530
  
ActionController::RoutingError (No route matches [POST] "/status_published.saurabh"):
  
Started GET "/posts" for ::1 at 2023-03-07 18:35:00 +0530
Processing by PostsController#index as HTML
  Rendering layout layouts/application.html.erb
  Rendering posts/index.html.erb within layouts/application
  [1m[36mPost Load (0.1ms)[0m  [1m[34mSELECT "posts".* FROM "posts"[0m
  ↳ app/views/posts/index.html.erb:4
  Rendered posts/index.html.erb within layouts/application (Duration: 7.2ms | Allocations: 3755)
  Rendered layout layouts/application.html.erb (Duration: 7.5ms | Allocations: 3843)
Completed 500 Internal Server Error in 14ms (ActiveRecord: 1.1ms | Allocations: 5495)


  
ActionView::Template::Error (undefined method `status_published_path' for #<ActionView::Base:0x00000000022498>):
    4:   <% @post.each do |i| %>
    5:     <li>
    6:     <%= link_to i.title, i %>
    7:     <%= button_to published_text(i.is_published), status_published_path(i)%>
    8:     
    9:     </li>
   10:   <% end %>
  
app/views/posts/index.html.erb:7
app/views/posts/index.html.erb:4
Started GET "/posts/saurabh/edit" for ::1 at 2023-03-07 18:37:34 +0530
Processing by PostsController#edit as HTML
  Parameters: {"id"=>"saurabh"}
  [1m[36mPost Load (0.2ms)[0m  [1m[34mSELECT "posts".* FROM "posts" WHERE "posts"."slug" = ? LIMIT ?[0m  [["slug", "saurabh"], ["LIMIT", 1]]
  ↳ app/controllers/posts_controller.rb:52:in `set_post'
  Rendering layout layouts/application.html.erb
  Rendering posts/edit.html.erb within layouts/application
  Rendered posts/_form.html.erb (Duration: 3.5ms | Allocations: 1465)
  Rendered posts/edit.html.erb within layouts/application (Duration: 4.4ms | Allocations: 1693)
  Rendered layout layouts/application.html.erb (Duration: 40.3ms | Allocations: 14889)
Completed 200 OK in 55ms (Views: 42.3ms | ActiveRecord: 1.7ms | Allocations: 19762)


Started GET "/posts" for ::1 at 2023-03-07 18:37:40 +0530
Processing by PostsController#index as HTML
  Rendering layout layouts/application.html.erb
  Rendering posts/index.html.erb within layouts/application
  [1m[36mPost Load (0.3ms)[0m  [1m[34mSELECT "posts".* FROM "posts"[0m
  ↳ app/views/posts/index.html.erb:4
  Rendered posts/index.html.erb within layouts/application (Duration: 4.3ms | Allocations: 1260)
  Rendered layout layouts/application.html.erb (Duration: 7.9ms | Allocations: 3368)
Completed 200 OK in 9ms (Views: 8.3ms | ActiveRecord: 0.3ms | Allocations: 3695)


Started GET "/" for ::1 at 2023-03-07 18:37:42 +0530
Processing by PostsController#index as HTML
  Rendering layout layouts/application.html.erb
  Rendering posts/index.html.erb within layouts/application
  [1m[36mPost Load (0.2ms)[0m  [1m[34mSELECT "posts".* FROM "posts"[0m
  ↳ app/views/posts/index.html.erb:4
  Rendered posts/index.html.erb within layouts/application (Duration: 3.6ms | Allocations: 971)
  Rendered layout layouts/application.html.erb (Duration: 9.3ms | Allocations: 3076)
Completed 200 OK in 11ms (Views: 10.1ms | ActiveRecord: 0.2ms | Allocations: 3345)


Started POST "/status_published.saurabh" for ::1 at 2023-03-07 18:37:44 +0530
  
ActionController::RoutingError (No route matches [POST] "/status_published.saurabh"):
  
Started POST "/status_published.saurabh" for ::1 at 2023-03-07 18:43:59 +0530
  
ActionController::RoutingError (No route matches [POST] "/status_published.saurabh"):
  
Started GET "/" for ::1 at 2023-03-07 18:46:11 +0530
Processing by PostsController#index as HTML
  Rendering layout layouts/application.html.erb
  Rendering posts/index.html.erb within layouts/application
  [1m[36mPost Load (0.2ms)[0m  [1m[34mSELECT "posts".* FROM "posts"[0m
  ↳ app/views/posts/index.html.erb:4
  Rendered posts/index.html.erb within layouts/application (Duration: 9.4ms | Allocations: 3335)
  Rendered layout layouts/application.html.erb (Duration: 9.8ms | Allocations: 3423)
Completed 500 Internal Server Error in 15ms (ActiveRecord: 0.7ms | Allocations: 5075)


  
ActionView::Template::Error (undefined method `status_published_path' for #<ActionView::Base:0x0000000002af08>):
    4:   <% @post.each do |i| %>
    5:     <li>
    6:     <%= link_to i.title, i %>
    7:     <%= button_to published_text(i.is_published), status_published_path(i)%>
    8:     
    9:     </li>
   10:   <% end %>
  
app/views/posts/index.html.erb:7
app/views/posts/index.html.erb:4
Started GET "/" for ::1 at 2023-03-07 18:46:54 +0530
Processing by PostsController#index as HTML
  Rendering layout layouts/application.html.erb
  Rendering posts/index.html.erb within layouts/application
  [1m[36mPost Load (0.2ms)[0m  [1m[34mSELECT "posts".* FROM "posts"[0m
  ↳ app/views/posts/index.html.erb:4
  Rendered posts/index.html.erb within layouts/application (Duration: 9.6ms | Allocations: 3233)
  Rendered layout layouts/application.html.erb (Duration: 33.8ms | Allocations: 16234)
Completed 200 OK in 40ms (Views: 35.8ms | ActiveRecord: 1.6ms | Allocations: 17913)


